{
  "stats": {
    "suites": 1,
    "tests": 1,
    "passes": 1,
    "pending": 0,
    "failures": 0,
    "start": "2026-07-02T13:41:32.572Z",
    "end": "2026-07-02T13:46:11.396Z",
    "duration": 278824,
    "testsRegistered": 1,
    "passPercent": 100,
    "pendingPercent": 0,
    "other": 0,
    "hasOther": false,
    "skipped": 0,
    "hasSkipped": false
  },
  "results": [
    {
      "uuid": "cf804c06-1ea3-4957-a724-6acb818e1330",
      "title": "",
      "fullFile": "cypress\\e2e\\outboundCampaign_2.cy.js",
      "file": "cypress\\e2e\\outboundCampaign_2.cy.js",
      "beforeHooks": [],
      "afterHooks": [],
      "tests": [],
      "suites": [
        {
          "uuid": "607e7b0a-219a-48c9-8ecc-ea2548d6f233",
          "title": "Actyvate Outbound Campaign Automation",
          "fullFile": "",
          "file": "",
          "beforeHooks": [],
          "afterHooks": [],
          "tests": [
            {
              "title": "End-to-End Flow",
              "fullTitle": "Actyvate Outbound Campaign Automation End-to-End Flow",
              "timedOut": null,
              "duration": 278803,
              "state": "passed",
              "speed": "slow",
              "pass": true,
              "fail": false,
              "pending": false,
              "context": null,
              "code": "let leadId;\nlet clientId;\nlet currentLeadStatus;\nconst startTime = (0, _timeUtils.getStartTime)(2); // Get start time 2 minutes from now\nconst uniqueLastName = `User_${Date.now()}`;\nconst campaignName = `Summer Outbound Campaign ${Date.now()}`;\nconst campaign_subject = 'Welcome to our outbound campaign';\nconst noteContent = 'The lead has been modified manually.';\n//Payload for campaign creation\nconst payload = {\n  clientId: 13,\n  botId: 176,\n  campaignName: campaignName,\n  campaignChannel: [\"email\"],\n  leadUploadSource: \"manual\",\n  messageStratergy: \"manual\",\n  emailSubject: campaign_subject,\n  emailBody: \"Hi {{first_name}}, welcome!\",\n  messageBody: \"Hello {{first_name}}!\",\n  messageContext: \"We met all these leads at the RC Trade Show. They visited our booth and showed interest in our accounting and bookkeeping services. The goal is to get them to book a 15-minute intro call. \\nRegards\\nAutomation.\",\n  assignUserList: [154],\n  startTime: startTime,\n  whatsappTemplateId: null,\n  timezone: \"India Standard Time\",\n  leadList: [{\n    firstName: \"Mario\",\n    lastName: uniqueLastName,\n    emailId: \"testgwbspprt@gmail.com\",\n    phoneNo: \"+918337047513\",\n    oldLeadId: null,\n    message: \"This is a test lead for outbound campaign\",\n    notes: \"Car Insurance Lead\"\n  }]\n};\n// Step 1: Create Campaign\n(0, _campaignUtils.createCampaign)(payload).then(response => {\n  cy.log('Full Response:');\n  cy.log(JSON.stringify(response.body));\n  if (response.body.meta.status !== true) {\n    throw new Error(`API Failed: ${response.body.meta.message}`);\n  }\n  expect(response.body.meta.status).to.eq(true);\n})\n//Step 2: Wait until campaign completes\n.then(() => (0, _campaignUtils.checkCampaignStatus)(campaignName))\n// Step 3: Verify Lead + get leadId\n.then(() => (0, _leadUtils.verifyLeadCreated)(uniqueLastName))\n// Step 4: Reply Email + AI response\n.then(createdLeadId => {\n  leadId = createdLeadId;\n  // Implementation for replying to email and getting AI response\n  cy.wrap(leadId).as('leadId'); // Store leadId for later use\n  // wait for email to be delivered\n  cy.wait(20000);\n  return cy.task('replyAndCheckAI', {\n    subject: campaign_subject\n  });\n})\n//Step 5: Validate AI reply\n.then(reply => {\n  cy.log('AI Response:');\n  cy.log(reply);\n  expect(reply).to.include('Hi Mario');\n  return cy.get('@leadId');\n})\n// Step 6: Call Timeline API\n.then(createdLeadId => {\n  return (0, _timelineUtils.getLeadTimeline)(createdLeadId);\n})\n// Step 7: DEBUG Timeline (temporary)\n.then(timeline => {\n  const timelineList = timeline.timelineList;\n  expect(timelineList.length).to.be.greaterThan(0);\n  timelineList.forEach(item => {\n    cy.log(`Type: ${item.type}`);\n    cy.log(`Lead Log: ${item.leadLog}`);\n  });\n  const types = timelineList.map(t => t.type);\n  expect(types).to.include('leadReceivedBySystem');\n  expect(types).to.include('automaticAllocation');\n  expect(types).to.include('leadStartedEngaging');\n  return cy.get('@leadId');\n})\n// Phase 2 - Step 1: Get Lead Details\n.then(createdLeadId => {\n  // Step 8: Get Lead Details\n  return (0, _leadDetailsUtils.getLeadDetails)(createdLeadId);\n}).then(lead => {\n  //Basic validation\n  expect(lead).to.have.property('leadId');\n  expect(lead).to.have.property('clientId');\n  expect(lead).to.have.property('assignedUserId');\n  cy.log(`Lead ID: ${lead.leadId}`);\n  cy.log(`Current Rep: ${lead.assignedUserId}`);\n  clientId = lead.clientId;\n  currentLeadStatus = lead.leadStatus;\n  const currentUserId = lead.assignedUserId;\n  // Step 9: Get Random Representative\n  return (0, _userUtils.getRandomRepresentative)(clientId, currentUserId);\n}).then(newUserId => {\n  cy.log(`New Representative: ${newUserId}`);\n  // Optional validation\n  expect(newUserId).to.not.be.null;\n  // Assign new representative (dynamic)\n  return (0, _assignRepresentative.reallocateLead)(leadId, newUserId);\n}).then(() => {\n  cy.log('Representative reassigned'); // Assign representative API call here\n  // Step 10: Update Lead Status\n  const randomStatus = (0, _leadStatusUpdateUtils.getRandomLeadStatus)(currentLeadStatus);\n  return (0, _leadStatusUpdateUtils.updateLeadStatus)(leadId, randomStatus);\n}).then(() => {\n  cy.log('Lead status updated successfully');\n  // Step 11: Get Tags under Client\n  return (0, _tagUtils.getTagsUnderClient)(clientId);\n}).then(tags => {\n  cy.log(`Available Tags: ${JSON.stringify(tags)}`);\n  // Example: pick first tag\n  const selectedTag = tags.leadTags[0];\n  cy.log(`Selected Tag: ${selectedTag}`);\n  // Step 12: Update Lead Tags\n  return (0, _tagUtils.updateLeadTags)(leadId, [selectedTag]);\n}).then(() => {\n  cy.log('Lead tags updated successfully');\n  // Step 13: Add Lead Notes\n  return (0, _noteUtils.addLeadNotes)(leadId, noteContent);\n}).then(() => {\n  cy.log('Lead notes added successfully');\n  // Step 14: Get Lead Notes\n  return (0, _noteUtils.getLeadNotes)(leadId);\n}).then(notesData => {\n  const notesList = notesData.notesList;\n  const latestNote = notesList[notesList.length - 1]; // Get the last note added\n  expect(latestNote.notes).to.eq(noteContent);\n  // Step 15: Delete Lead Notes\n  return (0, _noteUtils.deleteLeadNotes)(latestNote.notesId);\n}).then(() => {\n  cy.log('Lead notes deleted successfully');\n  //Step 16: Phase 2 completed successfully \n  cy.log('Phase 2 completed successfully');\n});",
              "err": {},
              "uuid": "e912b827-9d8a-425e-91e9-731328d7c014",
              "parentUUID": "607e7b0a-219a-48c9-8ecc-ea2548d6f233",
              "isHook": false,
              "skipped": false
            }
          ],
          "suites": [],
          "passes": [
            "e912b827-9d8a-425e-91e9-731328d7c014"
          ],
          "failures": [],
          "pending": [],
          "skipped": [],
          "duration": 278803,
          "root": false,
          "rootEmpty": false,
          "_timeout": 2000
        }
      ],
      "passes": [],
      "failures": [],
      "pending": [],
      "skipped": [],
      "duration": 0,
      "root": true,
      "rootEmpty": true,
      "_timeout": 2000
    }
  ],
  "meta": {
    "mocha": {
      "version": "7.2.0"
    },
    "mochawesome": {
      "options": {
        "quiet": false,
        "reportFilename": "mochawesome",
        "saveHtml": false,
        "saveJson": true,
        "consoleReporter": "spec",
        "useInlineDiffs": false,
        "code": true
      },
      "version": "7.1.4"
    },
    "marge": {
      "options": {
        "reportDir": "cypress/reports/mochawesome",
        "overwrite": false,
        "html": false,
        "json": true,
        "timestamp": "mmddyyyy_HHMMss"
      },
      "version": "6.3.2"
    }
  }
}