{
  "stats": {
    "suites": 1,
    "tests": 1,
    "passes": 1,
    "pending": 0,
    "failures": 0,
    "start": "2026-07-14T12:32:42.176Z",
    "end": "2026-07-14T12:37:52.005Z",
    "duration": 309829,
    "testsRegistered": 1,
    "passPercent": 100,
    "pendingPercent": 0,
    "other": 0,
    "hasOther": false,
    "skipped": 0,
    "hasSkipped": false
  },
  "results": [
    {
      "uuid": "5e1a4597-f4f2-4668-ae8b-ee8d89ec1f55",
      "title": "",
      "fullFile": "cypress\\e2e\\outboundCampaign_2.cy.js",
      "file": "cypress\\e2e\\outboundCampaign_2.cy.js",
      "beforeHooks": [],
      "afterHooks": [],
      "tests": [],
      "suites": [
        {
          "uuid": "3767e696-9374-4c49-96b8-c9ea6786b3a9",
          "title": "Actyvate Outbound Campaign Automation",
          "fullFile": "",
          "file": "",
          "beforeHooks": [],
          "afterHooks": [],
          "tests": [
            {
              "title": "End-to-End Flow",
              "fullTitle": "Actyvate Outbound Campaign Automation End-to-End Flow",
              "timedOut": null,
              "duration": 309797,
              "state": "passed",
              "speed": "slow",
              "pass": true,
              "fail": false,
              "pending": false,
              "context": null,
              "code": "let leadId;\nlet clientId;\nlet currentLeadStatus;\nlet currentLeadTags = [];\n// Store the Phase 2 updated values for Phase 3 validation\nlet updatedRepresentativeId;\nlet updatedLeadStatus;\nlet updatedLeadTag;\nlet deletedNoteId;\nconst logFolder = 'cypress/reports/logs';\nconst testStartedAt = new Date().toISOString();\nconst startTime = (0, _timeUtils.getStartTime)(2); // Get start time 2 minutes from now\nconst uniqueLastName = `User_${Date.now()}`;\nconst campaignName = `Summer Outbound Campaign ${Date.now()}`;\nconst campaignSubject = _constants.CAMPAIGN_SUBJECT;\nconst noteContent = _constants.NOTE_CONTENT.FIRST_UPDATE;\n// Payload for campaign creation\nconst payload = (0, _outboundCampaignPayload.buildOutboundCampaignPayload)({\n  startTime,\n  campaignName,\n  uniqueLastName\n});\n// Write test metadata for Markdown report\ncy.writeFile(`${logFolder}/00-test-metadata.json`, {\n  project: 'Actyvate AI',\n  module: 'Outbound Campaign Automation',\n  testSuite: 'Actyvate Outbound Campaign Automation',\n  testCase: 'End-to-End Flow',\n  environment: 'Dev',\n  apiBaseUrl: Cypress.env('apiUrl'),\n  testStartedAt: testStartedAt,\n  campaignName: campaignName,\n  emailSubject: campaignSubject,\n  leadName: `Mario ${uniqueLastName}`\n});\n// =========================\n// Phase 1\n// Campaign and AI Validation\n// =========================\n// Step 1: Create Campaign\n(0, _campaignUtils.createCampaign)(payload).then(response => {\n  var _response$body;\n  cy.log(`Campaign Response: ${JSON.stringify(response.body)}`);\n  cy.writeFile(`${logFolder}/01-campaign-create-response.json`, {\n    step: 'Campaign Creation',\n    expectedResult: 'Campaign should be created successfully',\n    requestPayload: payload,\n    response: response.body,\n    status: ((_response$body = response.body) === null || _response$body === void 0 || (_response$body = _response$body.meta) === null || _response$body === void 0 ? void 0 : _response$body.status) === true ? 'Passed' : 'Failed'\n  });\n  expect(response.body).to.have.property('meta');\n  expect(response.body.meta.status, response.body.meta.message || 'Campaign creation failed').to.eq(true);\n})\n// Step 2: Wait until campaign completes\n.then(() => {\n  cy.writeFile(`${logFolder}/02-campaign-dashboard-check-started.json`, {\n    step: 'Campaign Dashboard Verification',\n    expectedResult: 'Campaign should appear in campaign dashboard',\n    campaignName: campaignName,\n    status: 'Started'\n  });\n  return (0, _campaignUtils.checkCampaignStatus)(campaignName);\n})\n// Step 3: Verify lead creation and capture leadId\n.then(() => (0, _leadUtils.verifyLeadCreated)(uniqueLastName))\n// Step 4: Reply to campaign email and wait for AI response\n.then(createdLeadId => {\n  leadId = createdLeadId;\n  expect(leadId).to.exist;\n  cy.log(`Created Lead ID: ${leadId}`);\n  cy.writeFile(`${logFolder}/03-lead-created.json`, {\n    step: 'Lead Creation Verification',\n    expectedResult: 'Lead should be created from outbound campaign',\n    leadId: leadId,\n    campaignName: campaignName,\n    leadFirstName: 'Mario',\n    leadLastName: uniqueLastName,\n    emailSubject: campaignSubject,\n    status: leadId ? 'Passed' : 'Failed'\n  });\n  // Wait for email to be delivered\n  cy.wait(20000);\n  return cy.task('replyAndCheckAI', {\n    subject: campaignSubject\n  });\n})\n// Step 5: Validate AI reply\n.then(reply => {\n  cy.log(`AI Response: ${reply}`);\n  cy.writeFile(`${logFolder}/04-ai-reply.txt`, reply);\n  cy.writeFile(`${logFolder}/05-ai-reply-validation.json`, {\n    step: 'AI Reply Validation',\n    expectedResult: 'AI reply should include lead first name',\n    expectedText: 'Hi Mario',\n    actualReply: reply,\n    status: typeof reply === 'string' && reply.includes('Hi Mario') ? 'Passed' : 'Failed'\n  });\n  expect(reply).to.be.a('string');\n  expect(reply).to.include('Hi Mario');\n  return (0, _timelineUtils.getLeadTimeline)(leadId);\n})\n// Step 6: Validate initial timeline\n.then(timeline => {\n  expect(timeline).to.have.property('timelineList');\n  expect(timeline.timelineList).to.be.an('array');\n  expect(timeline.timelineList.length).to.be.greaterThan(0);\n  timeline.timelineList.forEach(item => {\n    cy.log(`Type: ${item.type}`);\n    cy.log(`Lead Log: ${JSON.stringify(item.leadLog)}`);\n  });\n  const timelineTypes = timeline.timelineList.map(item => item.type);\n  const requiredTimelineEvents = ['leadReceivedBySystem', 'automaticAllocation', 'leadStartedEngaging'];\n  cy.writeFile(`${logFolder}/06-timeline-response.json`, {\n    step: 'Timeline API Response',\n    leadId: leadId,\n    timeline: timeline\n  });\n  cy.writeFile(`${logFolder}/07-timeline-validation.json`, {\n    step: 'Timeline Event Validation',\n    expectedResult: 'Timeline should include system received, auto allocation, and engagement start events',\n    requiredEvents: requiredTimelineEvents,\n    actualEvents: timelineTypes,\n    status: requiredTimelineEvents.every(event => timelineTypes.includes(event)) ? 'Passed' : 'Failed'\n  });\n  expect(timelineTypes).to.include('leadReceivedBySystem');\n  expect(timelineTypes).to.include('automaticAllocation');\n  expect(timelineTypes).to.include('leadStartedEngaging');\n  cy.log('Phase 1 completed successfully');\n  return (0, _leadDetailsUtils.getLeadDetails)(leadId);\n})\n// =========================\n// Phase 2\n// Lead Update Operations\n// =========================\n// Step 7: Capture current lead details\n.then(lead => {\n  cy.writeFile(`${logFolder}/08-lead-details-response.json`, {\n    step: 'Lead Details API Response',\n    leadId: leadId,\n    leadDetails: lead\n  });\n  cy.writeFile(`${logFolder}/09-lead-details-validation.json`, {\n    step: 'Lead Details Validation',\n    expectedResult: 'Lead details should contain leadId, clientId, assignedUserId, leadStatus, leadTags, and timelineList',\n    leadIdExists: Object.prototype.hasOwnProperty.call(lead, 'leadId'),\n    clientIdExists: Object.prototype.hasOwnProperty.call(lead, 'clientId'),\n    assignedUserIdExists: Object.prototype.hasOwnProperty.call(lead, 'assignedUserId'),\n    leadStatusExists: Object.prototype.hasOwnProperty.call(lead, 'leadStatus'),\n    leadTagsExists: Object.prototype.hasOwnProperty.call(lead, 'leadTags'),\n    timelineListExists: Object.prototype.hasOwnProperty.call(lead, 'timelineList'),\n    status: lead.leadId && lead.clientId && lead.assignedUserId ? 'Passed' : 'Failed'\n  });\n  expect(lead.leadId).to.eq(leadId);\n  expect(lead).to.have.property('clientId');\n  expect(lead).to.have.property('assignedUserId');\n  expect(lead).to.have.property('leadStatus');\n  expect(lead).to.have.property('leadTags');\n  expect(lead).to.have.property('timelineList');\n  clientId = lead.clientId;\n  currentLeadStatus = lead.leadStatus;\n  currentLeadTags = Array.isArray(lead.leadTags) ? lead.leadTags : [];\n  const currentRepresentativeId = lead.assignedUserId;\n  cy.log(`Current Representative ID: ${currentRepresentativeId}`);\n  cy.log(`Current Lead Status: ${currentLeadStatus}`);\n  cy.log(`Current Lead Tags: ${currentLeadTags.join(', ')}`);\n  // Step 8: Get Random Representative\n  return (0, _userUtils.getRandomRepresentative)(clientId, currentRepresentativeId);\n})\n// Step 9: Reallocate representative\n.then(newUserId => {\n  expect(newUserId).to.exist;\n  updatedRepresentativeId = newUserId;\n  cy.log(`New Representative: ${updatedRepresentativeId}`);\n  cy.writeFile(`${logFolder}/10-representative-selected.json`, {\n    step: 'Representative Selection',\n    expectedResult: 'A different representative should be selected for reassignment',\n    leadId: leadId,\n    clientId: clientId,\n    newRepresentativeId: updatedRepresentativeId,\n    status: updatedRepresentativeId ? 'Passed' : 'Failed'\n  });\n  return (0, _assignRepresentative.reallocateLead)(leadId, updatedRepresentativeId);\n})\n// Step 10: Update lead status\n.then(() => {\n  cy.writeFile(`${logFolder}/11-representative-reassigned.json`, {\n    step: 'Representative Reassignment',\n    expectedResult: 'Lead should be reassigned successfully',\n    leadId: leadId,\n    newRepresentativeId: updatedRepresentativeId,\n    status: 'Passed'\n  });\n  updatedLeadStatus = (0, _leadStatusUpdateUtils.getRandomLeadStatus)(currentLeadStatus);\n  expect(updatedLeadStatus).to.not.eq(currentLeadStatus);\n  cy.log(`Selected Lead Status: ${updatedLeadStatus}`);\n  cy.writeFile(`${logFolder}/12-selected-lead-status.json`, {\n    step: 'Lead Status Selection',\n    expectedResult: 'A different lead status should be selected',\n    leadId: leadId,\n    previousStatus: currentLeadStatus,\n    selectedStatus: updatedLeadStatus,\n    status: updatedLeadStatus !== currentLeadStatus ? 'Passed' : 'Failed'\n  });\n  return (0, _leadStatusUpdateUtils.updateLeadStatus)(leadId, updatedLeadStatus);\n})\n// Step 11: Fetch client tags\n.then(() => {\n  cy.writeFile(`${logFolder}/13-lead-status-updated.json`, {\n    step: 'Lead Status Update',\n    expectedResult: 'Lead status should be updated successfully',\n    leadId: leadId,\n    previousStatus: currentLeadStatus,\n    updatedStatus: updatedLeadStatus,\n    status: 'Passed'\n  });\n  return (0, _tagUtils.getTagsUnderClient)(clientId);\n})\n// Step 12: Select and update a different tag\n.then(tagsData => {\n  expect(tagsData).to.have.property('leadTags');\n  expect(tagsData.leadTags).to.be.an('array');\n  expect(tagsData.leadTags.length).to.be.greaterThan(0);\n  cy.log(`Available Tags: ${JSON.stringify(tagsData.leadTags)}`);\n  const availableNewTags = tagsData.leadTags.filter(tag => !currentLeadTags.includes(tag));\n  expect(availableNewTags.length, 'At least one tag different from the current tags should exist').to.be.greaterThan(0);\n  updatedLeadTag = availableNewTags[0];\n  cy.log(`Selected Lead Tag: ${updatedLeadTag}`);\n  cy.writeFile(`${logFolder}/14-tags-under-client.json`, {\n    step: 'Get Tags Under Client',\n    expectedResult: 'Tags should be available under client and one new tag should be selected',\n    clientId: clientId,\n    availableTags: tagsData,\n    currentLeadTags: currentLeadTags,\n    selectedTag: updatedLeadTag,\n    status: updatedLeadTag ? 'Passed' : 'Failed'\n  });\n  return (0, _tagUtils.updateLeadTags)(leadId, [updatedLeadTag]);\n})\n// Step 13: Add note\n.then(() => {\n  cy.log('Lead tags updated successfully');\n  cy.writeFile(`${logFolder}/15-lead-tag-updated.json`, {\n    step: 'Lead Tag Update',\n    expectedResult: 'Selected tag should be updated against the lead',\n    leadId: leadId,\n    selectedTag: updatedLeadTag,\n    status: 'Passed'\n  });\n  return (0, _noteUtils.addLeadNotes)(leadId, noteContent);\n})\n// Step 14: Retrieve notes\n.then(() => {\n  cy.log('Lead notes added successfully');\n  cy.writeFile(`${logFolder}/16-lead-note-added.json`, {\n    step: 'Add Lead Note',\n    expectedResult: 'Lead note should be added successfully',\n    leadId: leadId,\n    noteContent: noteContent,\n    status: 'Passed'\n  });\n  return (0, _noteUtils.getLeadNotes)(leadId);\n})\n// Step 15: Validate latest note and delete it\n.then(notesData => {\n  cy.log(`Lead Notes: ${JSON.stringify(notesData.notesList)}`);\n  const notesList = notesData.notesList;\n  expect(notesList).to.be.an('array');\n  expect(notesList.length).to.be.greaterThan(0);\n  const latestNote = notesList[notesList.length - 1];\n  expect(latestNote.notes).to.eq(noteContent);\n  deletedNoteId = latestNote.notesId;\n  cy.writeFile(`${logFolder}/17-lead-notes-response.json`, {\n    step: 'Get Lead Notes',\n    expectedResult: 'Recently added note should be available in lead notes list',\n    leadId: leadId,\n    notesResponse: notesData,\n    latestNote: latestNote\n  });\n  cy.writeFile(`${logFolder}/18-lead-note-validation.json`, {\n    step: 'Lead Note Validation',\n    expectedResult: 'Latest note text should match the added note content',\n    expectedNote: noteContent,\n    actualNote: latestNote.notes,\n    notesId: latestNote.notesId,\n    status: latestNote.notes === noteContent ? 'Passed' : 'Failed'\n  });\n  cy.log(`Deleting Note ID: ${deletedNoteId}`);\n  return (0, _noteUtils.deleteLeadNotes)(deletedNoteId);\n})\n// Step 16: Retrieve notes after deletion\n.then(() => {\n  cy.log('Lead notes deleted successfully');\n  return (0, _noteUtils.getLeadNotes)(leadId);\n})\n// Step 17: Confirm deleted note no longer exists\n.then(notesData => {\n  expect(notesData.notesList).to.be.an('array');\n  const deletedNoteStillExists = notesData.notesList.some(note => note.notesId === deletedNoteId);\n  expect(deletedNoteStillExists).to.be.false;\n  cy.writeFile(`${logFolder}/19-lead-note-deleted.json`, {\n    step: 'Delete Lead Note',\n    expectedResult: 'Lead note should be deleted successfully and should not exist in latest notes list',\n    leadId: leadId,\n    notesId: deletedNoteId,\n    deletedNoteStillExists: deletedNoteStillExists,\n    status: deletedNoteStillExists === false ? 'Passed' : 'Failed'\n  });\n  cy.log(`Expected Representative ID: ${updatedRepresentativeId}`);\n  cy.log(`Expected Lead Status: ${updatedLeadStatus}`);\n  cy.log(`Expected Lead Tag: ${updatedLeadTag}`);\n  cy.log(`Deleted Note ID: ${deletedNoteId}`);\n  cy.log('Phase 2 completed successfully');\n  return (0, _leadDetailsUtils.getLeadDetails)(leadId);\n})\n// =========================\n// Phase 3\n// Final Persisted Data Validation\n// =========================\n// Step 18: Validate final lead details\n.then(updatedLead => {\n  expect(updatedLead).to.have.property('assignedUserId');\n  expect(updatedLead).to.have.property('leadStatus');\n  expect(updatedLead).to.have.property('leadTags');\n  expect(updatedLead).to.have.property('timelineList');\n  expect(updatedLead.assignedUserId).to.eq(updatedRepresentativeId);\n  cy.log(`Validated Representative ID: ${updatedLead.assignedUserId}`);\n  expect(updatedLead.leadStatus).to.eq(updatedLeadStatus);\n  cy.log(`Validated Lead Status: ${updatedLead.leadStatus}`);\n  expect(updatedLead.leadTags).to.be.an('array');\n  expect(updatedLead.leadTags).to.include(updatedLeadTag);\n  cy.log(`Lead tag verified: ${updatedLeadTag}`);\n  expect(updatedLead.timelineList).to.be.an('array');\n  expect(updatedLead.timelineList.length).to.be.greaterThan(0);\n  const timelineTypes = updatedLead.timelineList.map(item => item.type);\n  expect(timelineTypes).to.include('leadReceivedBySystem');\n  expect(timelineTypes).to.include('automaticAllocation');\n  expect(timelineTypes).to.include('leadStartedEngaging');\n  cy.writeFile(`${logFolder}/20-final-summary.json`, {\n    project: 'Actyvate AI',\n    module: 'Outbound Campaign Automation',\n    testSuite: 'Actyvate Outbound Campaign Automation',\n    testCase: 'End-to-End Flow',\n    environment: 'Dev',\n    status: 'Passed',\n    testStartedAt: testStartedAt,\n    testCompletedAt: new Date().toISOString(),\n    campaignName: campaignName,\n    leadId: leadId,\n    clientId: clientId,\n    newRepresentativeId: updatedRepresentativeId,\n    selectedLeadStatus: updatedLeadStatus,\n    selectedTag: updatedLeadTag,\n    deletedNoteId: deletedNoteId,\n    finalTimelineEvents: timelineTypes,\n    validations: ['Campaign created successfully', 'Campaign dashboard verified', 'Lead created successfully', 'AI reply validated', 'Initial timeline events validated', 'Lead details captured', 'Representative selected', 'Representative reassigned', 'Lead status updated', 'Client tags fetched', 'Lead tag updated', 'Lead note added successfully', 'Lead note verified successfully', 'Lead note deleted successfully', 'Final representative update validated', 'Final lead status update validated', 'Final lead tag update validated', 'Final timeline events validated'],\n    evidenceFilesLocation: logFolder\n  });\n  cy.log(`Timeline Events: ${timelineTypes.join(', ')}`);\n  cy.log('Phase 3 completed successfully');\n  cy.log('End-to-End automation completed successfully');\n});",
              "err": {},
              "uuid": "c9107465-05a1-4b3d-b6fb-df157a6def0c",
              "parentUUID": "3767e696-9374-4c49-96b8-c9ea6786b3a9",
              "isHook": false,
              "skipped": false
            }
          ],
          "suites": [],
          "passes": [
            "c9107465-05a1-4b3d-b6fb-df157a6def0c"
          ],
          "failures": [],
          "pending": [],
          "skipped": [],
          "duration": 309797,
          "root": false,
          "rootEmpty": false,
          "_timeout": 2000
        }
      ],
      "passes": [],
      "failures": [],
      "pending": [],
      "skipped": [],
      "duration": 0,
      "root": true,
      "rootEmpty": true,
      "_timeout": 2000
    }
  ],
  "meta": {
    "mocha": {
      "version": "7.2.0"
    },
    "mochawesome": {
      "options": {
        "quiet": false,
        "reportFilename": "mochawesome",
        "saveHtml": false,
        "saveJson": true,
        "consoleReporter": "spec",
        "useInlineDiffs": false,
        "code": true
      },
      "version": "7.1.4"
    },
    "marge": {
      "options": {
        "reportDir": "cypress/reports/mochawesome",
        "overwrite": false,
        "html": false,
        "json": true,
        "timestamp": "mmddyyyy_HHMMss"
      },
      "version": "6.3.2"
    }
  }
}