{
  "stats": {
    "suites": 1,
    "tests": 1,
    "passes": 1,
    "pending": 0,
    "failures": 0,
    "testsRegistered": 1,
    "passPercent": 100,
    "pendingPercent": 0,
    "other": 0,
    "hasOther": false,
    "skipped": 0,
    "hasSkipped": false,
    "start": "2026-07-06T08:02:23.256Z",
    "end": "2026-07-06T08:07:22.251Z",
    "duration": 298995
  },
  "results": [
    {
      "uuid": "2a86c8c2-78cb-4462-986e-4188b462353d",
      "title": "",
      "fullFile": "cypress\\e2e\\outboundCampaign_2.cy.js",
      "file": "cypress\\e2e\\outboundCampaign_2.cy.js",
      "beforeHooks": [],
      "afterHooks": [],
      "tests": [],
      "suites": [
        {
          "uuid": "d03ca730-a999-476a-bd1a-3fb3de80106d",
          "title": "Actyvate Outbound Campaign Automation",
          "fullFile": "",
          "file": "",
          "beforeHooks": [],
          "afterHooks": [],
          "tests": [
            {
              "title": "End-to-End Flow",
              "fullTitle": "Actyvate Outbound Campaign Automation End-to-End Flow",
              "timedOut": null,
              "duration": 298964,
              "state": "passed",
              "speed": "slow",
              "pass": true,
              "fail": false,
              "pending": false,
              "context": null,
              "code": "let leadId;\nlet clientId;\nlet currentLeadStatus;\nlet newRepresentativeId;\nlet selectedLeadStatus;\nlet selectedTag;\nlet latestNoteId;\nconst logFolder = 'cypress/reports/logs';\nconst testStartedAt = new Date().toISOString();\nconst startTime = (0, _timeUtils.getStartTime)(2); // Get start time 2 minutes from now\nconst uniqueLastName = `User_${Date.now()}`;\nconst campaignName = `Summer Outbound Campaign ${Date.now()}`;\nconst campaign_subject = 'Welcome to our outbound campaign';\nconst noteContent = 'The lead has been modified manually.';\n// Payload for campaign creation\nconst payload = {\n  clientId: 13,\n  botId: 176,\n  campaignName: campaignName,\n  campaignChannel: ['email'],\n  leadUploadSource: 'manual',\n  messageStratergy: 'manual',\n  emailSubject: campaign_subject,\n  emailBody: 'Hi {{first_name}}, welcome!',\n  messageBody: 'Hello {{first_name}}!',\n  messageContext: 'We met all these leads at the RC Trade Show. They visited our booth and showed interest in our accounting and bookkeeping services. The goal is to get them to book a 15-minute intro call. \\nRegards\\nAutomation.',\n  assignUserList: [154],\n  startTime: startTime,\n  whatsappTemplateId: null,\n  timezone: 'India Standard Time',\n  leadList: [{\n    firstName: 'Mario',\n    lastName: uniqueLastName,\n    emailId: 'testgwbspprt@gmail.com',\n    phoneNo: '+918337047513',\n    oldLeadId: null,\n    message: 'This is a test lead for outbound campaign',\n    notes: 'Car Insurance Lead'\n  }]\n};\n// Step 0: Write test metadata log\ncy.writeFile(`${logFolder}/00-test-metadata.json`, {\n  project: 'Actyvate AI',\n  module: 'Outbound Campaign Automation',\n  testSuite: 'Actyvate Outbound Campaign Automation',\n  testCase: 'End-to-End Flow',\n  environment: 'Dev',\n  apiBaseUrl: Cypress.env('apiUrl'),\n  testStartedAt: testStartedAt,\n  campaignName: campaignName,\n  emailSubject: campaign_subject,\n  leadName: `Mario ${uniqueLastName}`\n});\n// Step 1: Create Campaign\n(0, _campaignUtils.createCampaign)(payload).then(response => {\n  cy.log('Full Response:');\n  cy.log(JSON.stringify(response.body));\n  cy.writeFile(`${logFolder}/01-campaign-create-response.json`, {\n    step: 'Campaign Creation',\n    expectedResult: 'Campaign should be created successfully',\n    requestPayload: payload,\n    response: response.body,\n    status: response.body.meta.status === true ? 'Passed' : 'Failed'\n  });\n  if (response.body.meta.status !== true) {\n    throw new Error(`API Failed: ${response.body.meta.message}`);\n  }\n  expect(response.body.meta.status).to.eq(true);\n})\n// Step 2: Wait until campaign completes\n.then(() => {\n  cy.writeFile(`${logFolder}/02-campaign-dashboard-check-started.json`, {\n    step: 'Campaign Dashboard Verification',\n    expectedResult: 'Campaign should appear in campaign dashboard',\n    campaignName: campaignName,\n    status: 'Started'\n  });\n  return (0, _campaignUtils.checkCampaignStatus)(campaignName);\n})\n// Step 3: Verify Lead + get leadId\n.then(() => (0, _leadUtils.verifyLeadCreated)(uniqueLastName))\n// Step 4: Reply Email + AI response\n.then(createdLeadId => {\n  leadId = createdLeadId;\n  cy.writeFile(`${logFolder}/03-lead-created.json`, {\n    step: 'Lead Creation Verification',\n    expectedResult: 'Lead should be created from outbound campaign',\n    leadId: leadId,\n    campaignName: campaignName,\n    leadFirstName: 'Mario',\n    leadLastName: uniqueLastName,\n    emailSubject: campaign_subject,\n    status: leadId ? 'Passed' : 'Failed'\n  });\n  // Store leadId for later use\n  cy.wrap(leadId).as('leadId');\n  // Wait for email to be delivered\n  cy.wait(20000);\n  return cy.task('replyAndCheckAI', {\n    subject: campaign_subject\n  });\n})\n// Step 5: Validate AI reply\n.then(reply => {\n  cy.log('AI Response:');\n  cy.log(reply);\n  cy.writeFile(`${logFolder}/04-ai-reply.txt`, reply);\n  cy.writeFile(`${logFolder}/05-ai-reply-validation.json`, {\n    step: 'AI Reply Validation',\n    expectedResult: 'AI reply should include lead first name',\n    expectedText: 'Hi Mario',\n    actualReply: reply,\n    status: reply.includes('Hi Mario') ? 'Passed' : 'Failed'\n  });\n  expect(reply).to.include('Hi Mario');\n  return cy.get('@leadId');\n})\n// Step 6: Call Timeline API\n.then(createdLeadId => {\n  return (0, _timelineUtils.getLeadTimeline)(createdLeadId);\n})\n// Step 7: Validate Timeline\n.then(timeline => {\n  const timelineList = timeline.timelineList;\n  const types = timelineList.map(t => t.type);\n  const requiredTimelineEvents = ['leadReceivedBySystem', 'automaticAllocation', 'leadStartedEngaging'];\n  cy.writeFile(`${logFolder}/06-timeline-response.json`, {\n    step: 'Timeline API Response',\n    leadId: leadId,\n    timeline: timeline\n  });\n  cy.writeFile(`${logFolder}/07-timeline-validation.json`, {\n    step: 'Timeline Event Validation',\n    expectedResult: 'Timeline should include system received, auto allocation, and engagement start events',\n    requiredEvents: requiredTimelineEvents,\n    actualEvents: types,\n    status: requiredTimelineEvents.every(event => types.includes(event)) ? 'Passed' : 'Failed'\n  });\n  expect(timelineList.length).to.be.greaterThan(0);\n  timelineList.forEach(item => {\n    cy.log(`Type: ${item.type}`);\n    cy.log(`Lead Log: ${item.leadLog}`);\n  });\n  expect(types).to.include('leadReceivedBySystem');\n  expect(types).to.include('automaticAllocation');\n  expect(types).to.include('leadStartedEngaging');\n  return cy.get('@leadId');\n})\n// Step 8: Get Lead Details\n.then(createdLeadId => {\n  return (0, _leadDetailsUtils.getLeadDetails)(createdLeadId);\n})\n// Step 9: Validate Lead Details\n.then(lead => {\n  cy.writeFile(`${logFolder}/08-lead-details-response.json`, {\n    step: 'Lead Details API Response',\n    leadId: leadId,\n    leadDetails: lead\n  });\n  cy.writeFile(`${logFolder}/09-lead-details-validation.json`, {\n    step: 'Lead Details Validation',\n    expectedResult: 'Lead details should contain leadId, clientId, and assignedUserId',\n    leadIdExists: Object.prototype.hasOwnProperty.call(lead, 'leadId'),\n    clientIdExists: Object.prototype.hasOwnProperty.call(lead, 'clientId'),\n    assignedUserIdExists: Object.prototype.hasOwnProperty.call(lead, 'assignedUserId'),\n    status: lead.leadId && lead.clientId && lead.assignedUserId ? 'Passed' : 'Failed'\n  });\n  // Basic validation\n  expect(lead).to.have.property('leadId');\n  expect(lead).to.have.property('clientId');\n  expect(lead).to.have.property('assignedUserId');\n  cy.log(`Lead ID: ${lead.leadId}`);\n  cy.log(`Current Rep: ${lead.assignedUserId}`);\n  clientId = lead.clientId;\n  currentLeadStatus = lead.leadStatus;\n  const currentUserId = lead.assignedUserId;\n  // Step 10: Get Random Representative\n  return (0, _userUtils.getRandomRepresentative)(clientId, currentUserId);\n})\n// Step 11: Reassign Representative\n.then(newUserId => {\n  newRepresentativeId = newUserId;\n  cy.log(`New Representative: ${newUserId}`);\n  cy.writeFile(`${logFolder}/10-representative-selected.json`, {\n    step: 'Representative Selection',\n    expectedResult: 'A different representative should be selected for reassignment',\n    leadId: leadId,\n    clientId: clientId,\n    newRepresentativeId: newRepresentativeId,\n    status: newRepresentativeId ? 'Passed' : 'Failed'\n  });\n  // Optional validation\n  expect(newRepresentativeId).to.not.be.null;\n  // Assign new representative dynamically\n  return (0, _assignRepresentative.reallocateLead)(leadId, newRepresentativeId);\n})\n// Step 12: Update Lead Status\n.then(() => {\n  cy.log('Representative reassigned');\n  cy.writeFile(`${logFolder}/11-representative-reassigned.json`, {\n    step: 'Representative Reassignment',\n    expectedResult: 'Lead should be reassigned successfully',\n    leadId: leadId,\n    newRepresentativeId: newRepresentativeId,\n    status: 'Passed'\n  });\n  selectedLeadStatus = (0, _leadStatusUpdateUtils.getRandomLeadStatus)(currentLeadStatus);\n  cy.writeFile(`${logFolder}/12-selected-lead-status.json`, {\n    step: 'Lead Status Selection',\n    expectedResult: 'A new lead status should be selected',\n    leadId: leadId,\n    previousStatus: currentLeadStatus,\n    selectedStatus: selectedLeadStatus\n  });\n  return (0, _leadStatusUpdateUtils.updateLeadStatus)(leadId, selectedLeadStatus);\n})\n// Step 13: Get Tags under Client\n.then(() => {\n  cy.log('Lead status updated successfully');\n  cy.writeFile(`${logFolder}/13-lead-status-updated.json`, {\n    step: 'Lead Status Update',\n    expectedResult: 'Lead status should be updated successfully',\n    leadId: leadId,\n    previousStatus: currentLeadStatus,\n    updatedStatus: selectedLeadStatus,\n    status: 'Passed'\n  });\n  return (0, _tagUtils.getTagsUnderClient)(clientId);\n})\n// Step 14: Update Lead Tags\n.then(tags => {\n  cy.log(`Available Tags: ${JSON.stringify(tags)}`);\n  selectedTag = tags.leadTags[0];\n  cy.log(`Selected Tag: ${selectedTag}`);\n  cy.writeFile(`${logFolder}/14-tags-under-client.json`, {\n    step: 'Get Tags Under Client',\n    expectedResult: 'Tags should be available under client',\n    clientId: clientId,\n    availableTags: tags,\n    selectedTag: selectedTag,\n    status: selectedTag ? 'Passed' : 'Failed'\n  });\n  return (0, _tagUtils.updateLeadTags)(leadId, [selectedTag]);\n})\n// Step 15: Add Lead Notes\n.then(() => {\n  cy.log('Lead tags updated successfully');\n  cy.writeFile(`${logFolder}/15-lead-tag-updated.json`, {\n    step: 'Lead Tag Update',\n    expectedResult: 'Selected tag should be updated against the lead',\n    leadId: leadId,\n    selectedTag: selectedTag,\n    status: 'Passed'\n  });\n  return (0, _noteUtils.addLeadNotes)(leadId, noteContent);\n})\n// Step 16: Get Lead Notes\n.then(() => {\n  cy.log('Lead notes added successfully');\n  cy.writeFile(`${logFolder}/16-lead-note-added.json`, {\n    step: 'Add Lead Note',\n    expectedResult: 'Lead note should be added successfully',\n    leadId: leadId,\n    noteContent: noteContent,\n    status: 'Passed'\n  });\n  return (0, _noteUtils.getLeadNotes)(leadId);\n})\n// Step 17: Validate Lead Notes and Delete Lead Note\n.then(notesData => {\n  const notesList = notesData.notesList;\n  const latestNote = notesList[notesList.length - 1];\n  latestNoteId = latestNote.notesId;\n  cy.writeFile(`${logFolder}/17-lead-notes-response.json`, {\n    step: 'Get Lead Notes',\n    expectedResult: 'Recently added note should be available in lead notes list',\n    leadId: leadId,\n    notesResponse: notesData,\n    latestNote: latestNote\n  });\n  cy.writeFile(`${logFolder}/18-lead-note-validation.json`, {\n    step: 'Lead Note Validation',\n    expectedResult: 'Latest note text should match the added note content',\n    expectedNote: noteContent,\n    actualNote: latestNote.notes,\n    notesId: latestNote.notesId,\n    status: latestNote.notes === noteContent ? 'Passed' : 'Failed'\n  });\n  expect(latestNote.notes).to.eq(noteContent);\n  return (0, _noteUtils.deleteLeadNotes)(latestNote.notesId);\n})\n// Step 18: Final Summary\n.then(() => {\n  cy.log('Lead notes deleted successfully');\n  cy.writeFile(`${logFolder}/19-lead-note-deleted.json`, {\n    step: 'Delete Lead Note',\n    expectedResult: 'Lead note should be deleted successfully',\n    leadId: leadId,\n    notesId: latestNoteId,\n    status: 'Passed'\n  });\n  cy.writeFile(`${logFolder}/20-final-summary.json`, {\n    project: 'Actyvate AI',\n    module: 'Outbound Campaign Automation',\n    testSuite: 'Actyvate Outbound Campaign Automation',\n    testCase: 'End-to-End Flow',\n    environment: 'Dev',\n    status: 'Passed',\n    testStartedAt: testStartedAt,\n    testCompletedAt: new Date().toISOString(),\n    campaignName: campaignName,\n    leadId: leadId,\n    clientId: clientId,\n    newRepresentativeId: newRepresentativeId,\n    selectedLeadStatus: selectedLeadStatus,\n    selectedTag: selectedTag,\n    validations: ['Campaign created successfully', 'Campaign dashboard verified', 'Lead created successfully', 'AI reply validated', 'Timeline events validated', 'Lead details validated', 'Representative selected', 'Representative reassigned', 'Lead status updated', 'Client tags fetched', 'Lead tag updated', 'Lead note added successfully', 'Lead note verified successfully', 'Lead note deleted successfully'],\n    evidenceFilesLocation: logFolder\n  });\n  cy.log('Phase 2 completed successfully');\n});",
              "err": {},
              "uuid": "491c62d9-d179-441d-a863-21a7e5b077a7",
              "parentUUID": "d03ca730-a999-476a-bd1a-3fb3de80106d",
              "isHook": false,
              "skipped": false
            }
          ],
          "suites": [],
          "passes": [
            "491c62d9-d179-441d-a863-21a7e5b077a7"
          ],
          "failures": [],
          "pending": [],
          "skipped": [],
          "duration": 298964,
          "root": false,
          "rootEmpty": false,
          "_timeout": 2000
        }
      ],
      "passes": [],
      "failures": [],
      "pending": [],
      "skipped": [],
      "duration": 0,
      "root": true,
      "rootEmpty": true,
      "_timeout": 2000
    }
  ],
  "meta": {
    "mocha": {
      "version": "7.2.0"
    },
    "mochawesome": {
      "options": {
        "quiet": false,
        "reportFilename": "mochawesome",
        "saveHtml": false,
        "saveJson": true,
        "consoleReporter": "spec",
        "useInlineDiffs": false,
        "code": true
      },
      "version": "7.1.4"
    },
    "marge": {
      "options": {
        "reportDir": "cypress/reports/mochawesome",
        "overwrite": false,
        "html": false,
        "json": true,
        "timestamp": "mmddyyyy_HHMMss"
      },
      "version": "6.3.2"
    }
  }
}